<?xml version="1.0" encoding="UTF-8"?>
<testsuite name="com.example.algamoney.api.AlgamoneyApiApplicationTests" time="0.023" tests="1" errors="1" skipped="0" failures="0">
  <properties>
    <property name="java.runtime.name" value="OpenJDK Runtime Environment"/>
    <property name="sun.boot.library.path" value="/usr/lib/jvm/java-8-openjdk-amd64/jre/lib/amd64"/>
    <property name="java.vm.version" value="25.222-b10"/>
    <property name="java.vm.vendor" value="Private Build"/>
    <property name="maven.multiModuleProjectDirectory" value="/home/belive/Desenvolvimento/API/notaderelease"/>
    <property name="java.vendor.url" value="http://java.oracle.com/"/>
    <property name="path.separator" value=":"/>
    <property name="guice.disable.misplaced.annotation.check" value="true"/>
    <property name="java.vm.name" value="OpenJDK 64-Bit Server VM"/>
    <property name="file.encoding.pkg" value="sun.io"/>
    <property name="user.country" value="BR"/>
    <property name="sun.java.launcher" value="SUN_STANDARD"/>
    <property name="sun.os.patch.level" value="unknown"/>
    <property name="java.vm.specification.name" value="Java Virtual Machine Specification"/>
    <property name="user.dir" value="/home/belive/Desenvolvimento/API/notaderelease"/>
    <property name="java.runtime.version" value="1.8.0_222-8u222-b10-1ubuntu1~18.04.1-b10"/>
    <property name="java.awt.graphicsenv" value="sun.awt.X11GraphicsEnvironment"/>
    <property name="java.endorsed.dirs" value="/usr/lib/jvm/java-8-openjdk-amd64/jre/lib/endorsed"/>
    <property name="os.arch" value="amd64"/>
    <property name="java.io.tmpdir" value="/tmp"/>
    <property name="line.separator" value="&#10;"/>
    <property name="java.vm.specification.vendor" value="Oracle Corporation"/>
    <property name="os.name" value="Linux"/>
    <property name="classworlds.conf" value="/home/belive/Documents/workspace-sts-3.8.4.RELEASE/notadereleases-api/.metadata/.plugins/org.eclipse.m2e.launching/launches/m2conf2095475769594289706.tmp"/>
    <property name="sun.jnu.encoding" value="UTF-8"/>
    <property name="java.library.path" value="/usr/java/packages/lib/amd64:/usr/lib/x86_64-linux-gnu/jni:/lib/x86_64-linux-gnu:/usr/lib/x86_64-linux-gnu:/usr/lib/jni:/lib:/usr/lib"/>
    <property name="java.specification.name" value="Java Platform API Specification"/>
    <property name="java.class.version" value="52.0"/>
    <property name="sun.management.compiler" value="HotSpot 64-Bit Tiered Compilers"/>
    <property name="os.version" value="5.0.0-23-generic"/>
    <property name="user.home" value="/home/belive"/>
    <property name="user.timezone" value="America/Sao_Paulo"/>
    <property name="java.awt.printerjob" value="sun.print.PSPrinterJob"/>
    <property name="file.encoding" value="UTF-8"/>
    <property name="java.specification.version" value="1.8"/>
    <property name="user.name" value="belive"/>
    <property name="java.class.path" value="/home/belive/Desenvolvimento/spring-tool-suite-3.8.4.RELEASE-e4.6.3-linux-gtk-x86_64/sts-bundle/sts-3.8.4.RELEASE/plugins/org.eclipse.m2e.maven.runtime_1.7.0.20160603-1931/jars/plexus-classworlds-2.5.2.jar"/>
    <property name="java.vm.specification.version" value="1.8"/>
    <property name="sun.arch.data.model" value="64"/>
    <property name="java.home" value="/usr/lib/jvm/java-8-openjdk-amd64/jre"/>
    <property name="sun.java.command" value="org.codehaus.plexus.classworlds.launcher.Launcher -B install"/>
    <property name="java.specification.vendor" value="Oracle Corporation"/>
    <property name="user.language" value="pt"/>
    <property name="awt.toolkit" value="sun.awt.X11.XToolkit"/>
    <property name="java.vm.info" value="mixed mode"/>
    <property name="java.version" value="1.8.0_222"/>
    <property name="java.ext.dirs" value="/usr/lib/jvm/java-8-openjdk-amd64/jre/lib/ext:/usr/java/packages/lib/ext"/>
    <property name="securerandom.source" value="file:/dev/./urandom"/>
    <property name="sun.boot.class.path" value="/usr/lib/jvm/java-8-openjdk-amd64/jre/lib/resources.jar:/usr/lib/jvm/java-8-openjdk-amd64/jre/lib/rt.jar:/usr/lib/jvm/java-8-openjdk-amd64/jre/lib/sunrsasign.jar:/usr/lib/jvm/java-8-openjdk-amd64/jre/lib/jsse.jar:/usr/lib/jvm/java-8-openjdk-amd64/jre/lib/jce.jar:/usr/lib/jvm/java-8-openjdk-amd64/jre/lib/charsets.jar:/usr/lib/jvm/java-8-openjdk-amd64/jre/lib/jfr.jar:/usr/lib/jvm/java-8-openjdk-amd64/jre/classes"/>
    <property name="java.vendor" value="Private Build"/>
    <property name="maven.home" value="/home/belive/Desenvolvimento/API/notaderelease/EMBEDDED"/>
    <property name="file.separator" value="/"/>
    <property name="java.vendor.url.bug" value="http://bugreport.sun.com/bugreport/"/>
    <property name="sun.cpu.endian" value="little"/>
    <property name="sun.io.unicode.encoding" value="UnicodeLittle"/>
    <property name="sun.desktop" value="gnome"/>
    <property name="sun.cpu.isalist" value=""/>
  </properties>
  <testcase name="initializationError" classname="com.example.algamoney.api.AlgamoneyApiApplicationTests" time="0.023">
    <error message="Unable to find a @SpringBootConfiguration, you need to use @ContextConfiguration or @SpringBootTest(classes=...) with your test" type="java.lang.IllegalStateException"><![CDATA[java.lang.IllegalStateException: Unable to find a @SpringBootConfiguration, you need to use @ContextConfiguration or @SpringBootTest(classes=...) with your test
	at org.springframework.util.Assert.state(Assert.java:70)
	at org.springframework.boot.test.context.SpringBootTestContextBootstrapper.getOrFindConfigurationClasses(SpringBootTestContextBootstrapper.java:202)
	at org.springframework.boot.test.context.SpringBootTestContextBootstrapper.processMergedContextConfiguration(SpringBootTestContextBootstrapper.java:137)
	at org.springframework.test.context.support.AbstractTestContextBootstrapper.buildMergedContextConfiguration(AbstractTestContextBootstrapper.java:409)
	at org.springframework.test.context.support.AbstractTestContextBootstrapper.buildDefaultMergedContextConfiguration(AbstractTestContextBootstrapper.java:323)
	at org.springframework.test.context.support.AbstractTestContextBootstrapper.buildMergedContextConfiguration(AbstractTestContextBootstrapper.java:277)
	at org.springframework.test.context.support.AbstractTestContextBootstrapper.buildTestContext(AbstractTestContextBootstrapper.java:112)
	at org.springframework.boot.test.context.SpringBootTestContextBootstrapper.buildTestContext(SpringBootTestContextBootstrapper.java:82)
	at org.springframework.test.context.TestContextManager.<init>(TestContextManager.java:120)
	at org.springframework.test.context.TestContextManager.<init>(TestContextManager.java:105)
	at org.springframework.test.context.junit4.SpringJUnit4ClassRunner.createTestContextManager(SpringJUnit4ClassRunner.java:152)
	at org.springframework.test.context.junit4.SpringJUnit4ClassRunner.<init>(SpringJUnit4ClassRunner.java:143)
	at org.springframework.test.context.junit4.SpringRunner.<init>(SpringRunner.java:49)
	at sun.reflect.NativeConstructorAccessorImpl.newInstance0(Native Method)
	at sun.reflect.NativeConstructorAccessorImpl.newInstance(NativeConstructorAccessorImpl.java:62)
	at sun.reflect.DelegatingConstructorAccessorImpl.newInstance(DelegatingConstructorAccessorImpl.java:45)
	at java.lang.reflect.Constructor.newInstance(Constructor.java:423)
	at org.junit.internal.builders.AnnotatedBuilder.buildRunner(AnnotatedBuilder.java:104)
	at org.junit.internal.builders.AnnotatedBuilder.runnerForClass(AnnotatedBuilder.java:86)
	at org.junit.runners.model.RunnerBuilder.safeRunnerForClass(RunnerBuilder.java:59)
	at org.junit.internal.builders.AllDefaultPossibilitiesBuilder.runnerForClass(AllDefaultPossibilitiesBuilder.java:26)
	at org.junit.runners.model.RunnerBuilder.safeRunnerForClass(RunnerBuilder.java:59)
	at org.junit.internal.requests.ClassRequest.getRunner(ClassRequest.java:33)
	at org.apache.maven.surefire.junit4.JUnit4Provider.execute(JUnit4Provider.java:283)
	at org.apache.maven.surefire.junit4.JUnit4Provider.executeWithRerun(JUnit4Provider.java:173)
	at org.apache.maven.surefire.junit4.JUnit4Provider.executeTestSet(JUnit4Provider.java:153)
	at org.apache.maven.surefire.junit4.JUnit4Provider.invoke(JUnit4Provider.java:128)
	at org.apache.maven.surefire.booter.ForkedBooter.invokeProviderInSameClassLoader(ForkedBooter.java:203)
	at org.apache.maven.surefire.booter.ForkedBooter.runSuitesInProcess(ForkedBooter.java:155)
	at org.apache.maven.surefire.booter.ForkedBooter.main(ForkedBooter.java:103)
]]></error>
    <system-out><![CDATA[14:51:47.328 [main] DEBUG org.springframework.test.context.junit4.SpringJUnit4ClassRunner - SpringJUnit4ClassRunner constructor called with [class com.example.algamoney.api.AlgamoneyApiApplicationTests]
14:51:47.340 [main] DEBUG org.springframework.test.context.BootstrapUtils - Instantiating CacheAwareContextLoaderDelegate from class [org.springframework.test.context.cache.DefaultCacheAwareContextLoaderDelegate]
14:51:47.357 [main] DEBUG org.springframework.test.context.BootstrapUtils - Instantiating BootstrapContext using constructor [public org.springframework.test.context.support.DefaultBootstrapContext(java.lang.Class,org.springframework.test.context.CacheAwareContextLoaderDelegate)]
14:51:47.392 [main] DEBUG org.springframework.test.context.BootstrapUtils - Instantiating TestContextBootstrapper for test class [com.example.algamoney.api.AlgamoneyApiApplicationTests] from class [org.springframework.boot.test.context.SpringBootTestContextBootstrapper]
14:51:47.413 [main] INFO org.springframework.boot.test.context.SpringBootTestContextBootstrapper - Neither @ContextConfiguration nor @ContextHierarchy found for test class [com.example.algamoney.api.AlgamoneyApiApplicationTests], using SpringBootContextLoader
14:51:47.420 [main] DEBUG org.springframework.test.context.support.AbstractContextLoader - Did not detect default resource location for test class [com.example.algamoney.api.AlgamoneyApiApplicationTests]: class path resource [com/example/algamoney/api/AlgamoneyApiApplicationTests-context.xml] does not exist
14:51:47.420 [main] DEBUG org.springframework.test.context.support.AbstractContextLoader - Did not detect default resource location for test class [com.example.algamoney.api.AlgamoneyApiApplicationTests]: class path resource [com/example/algamoney/api/AlgamoneyApiApplicationTestsContext.groovy] does not exist
14:51:47.421 [main] INFO org.springframework.test.context.support.AbstractContextLoader - Could not detect default resource locations for test class [com.example.algamoney.api.AlgamoneyApiApplicationTests]: no resource found for suffixes {-context.xml, Context.groovy}.
14:51:47.422 [main] INFO org.springframework.test.context.support.AnnotationConfigContextLoaderUtils - Could not detect default configuration classes for test class [com.example.algamoney.api.AlgamoneyApiApplicationTests]: AlgamoneyApiApplicationTests does not declare any static, non-private, non-final, nested classes annotated with @Configuration.
14:51:47.501 [main] DEBUG org.springframework.test.context.support.ActiveProfilesUtils - Could not find an 'annotation declaring class' for annotation type [org.springframework.test.context.ActiveProfiles] and class [com.example.algamoney.api.AlgamoneyApiApplicationTests]
14:51:47.519 [main] DEBUG org.springframework.core.env.StandardEnvironment - Adding [systemProperties] PropertySource with lowest search precedence
14:51:47.522 [main] DEBUG org.springframework.core.env.StandardEnvironment - Adding [systemEnvironment] PropertySource with lowest search precedence
14:51:47.523 [main] DEBUG org.springframework.core.env.StandardEnvironment - Initialized StandardEnvironment with PropertySources [systemProperties,systemEnvironment]
14:51:47.548 [main] DEBUG org.springframework.core.io.support.PathMatchingResourcePatternResolver - Resolved classpath location [com/example/algamoney/api/] to resources [URL [file:/home/belive/Desenvolvimento/API/notaderelease/target/test-classes/com/example/algamoney/api/]]
14:51:47.548 [main] DEBUG org.springframework.core.io.support.PathMatchingResourcePatternResolver - Looking for matching resources in directory tree [/home/belive/Desenvolvimento/API/notaderelease/target/test-classes/com/example/algamoney/api]
14:51:47.549 [main] DEBUG org.springframework.core.io.support.PathMatchingResourcePatternResolver - Searching directory [/home/belive/Desenvolvimento/API/notaderelease/target/test-classes/com/example/algamoney/api] for files matching pattern [/home/belive/Desenvolvimento/API/notaderelease/target/test-classes/com/example/algamoney/api/*.class]
14:51:47.554 [main] DEBUG org.springframework.core.io.support.PathMatchingResourcePatternResolver - Resolved location pattern [classpath*:com/example/algamoney/api/*.class] to resources [file [/home/belive/Desenvolvimento/API/notaderelease/target/test-classes/com/example/algamoney/api/AlgamoneyApiApplicationTests.class]]
14:51:47.586 [main] DEBUG org.springframework.core.io.support.PathMatchingResourcePatternResolver - Resolved classpath location [com/example/algamoney/] to resources [URL [file:/home/belive/Desenvolvimento/API/notaderelease/target/test-classes/com/example/algamoney/]]
14:51:47.586 [main] DEBUG org.springframework.core.io.support.PathMatchingResourcePatternResolver - Looking for matching resources in directory tree [/home/belive/Desenvolvimento/API/notaderelease/target/test-classes/com/example/algamoney]
14:51:47.587 [main] DEBUG org.springframework.core.io.support.PathMatchingResourcePatternResolver - Searching directory [/home/belive/Desenvolvimento/API/notaderelease/target/test-classes/com/example/algamoney] for files matching pattern [/home/belive/Desenvolvimento/API/notaderelease/target/test-classes/com/example/algamoney/*.class]
14:51:47.587 [main] DEBUG org.springframework.core.io.support.PathMatchingResourcePatternResolver - Resolved location pattern [classpath*:com/example/algamoney/*.class] to resources []
14:51:47.588 [main] DEBUG org.springframework.core.io.support.PathMatchingResourcePatternResolver - Resolved classpath location [com/example/] to resources [URL [file:/home/belive/Desenvolvimento/API/notaderelease/target/test-classes/com/example/]]
14:51:47.589 [main] DEBUG org.springframework.core.io.support.PathMatchingResourcePatternResolver - Looking for matching resources in directory tree [/home/belive/Desenvolvimento/API/notaderelease/target/test-classes/com/example]
14:51:47.589 [main] DEBUG org.springframework.core.io.support.PathMatchingResourcePatternResolver - Searching directory [/home/belive/Desenvolvimento/API/notaderelease/target/test-classes/com/example] for files matching pattern [/home/belive/Desenvolvimento/API/notaderelease/target/test-classes/com/example/*.class]
14:51:47.590 [main] DEBUG org.springframework.core.io.support.PathMatchingResourcePatternResolver - Resolved location pattern [classpath*:com/example/*.class] to resources []
14:51:47.592 [main] DEBUG org.springframework.core.io.support.PathMatchingResourcePatternResolver - Resolved classpath location [com/] to resources [URL [file:/home/belive/Desenvolvimento/API/notaderelease/target/test-classes/com/], URL [file:/home/belive/Desenvolvimento/API/notaderelease/target/classes/com/], URL [jar:file:/home/belive/.m2/repository/com/fasterxml/classmate/1.3.3/classmate-1.3.3.jar!/com/], URL [jar:file:/home/belive/.m2/repository/com/fasterxml/jackson/core/jackson-databind/2.8.8/jackson-databind-2.8.8.jar!/com/], URL [jar:file:/home/belive/.m2/repository/com/jayway/jsonpath/json-path/2.2.0/json-path-2.2.0.jar!/com/], URL [jar:file:/home/belive/.m2/repository/mysql/mysql-connector-java/5.1.45/mysql-connector-java-5.1.45.jar!/com/], URL [jar:file:/home/belive/.m2/repository/com/fasterxml/jackson/datatype/jackson-datatype-jsr310/2.8.8/jackson-datatype-jsr310-2.8.8.jar!/com/], URL [jar:file:/home/belive/.m2/repository/com/fasterxml/jackson/core/jackson-annotations/2.8.0/jackson-annotations-2.8.0.jar!/com/], URL [jar:file:/home/belive/.m2/repository/com/fasterxml/jackson/core/jackson-core/2.8.8/jackson-core-2.8.8.jar!/com/]]
14:51:47.593 [main] DEBUG org.springframework.core.io.support.PathMatchingResourcePatternResolver - Looking for matching resources in directory tree [/home/belive/Desenvolvimento/API/notaderelease/target/test-classes/com]
14:51:47.593 [main] DEBUG org.springframework.core.io.support.PathMatchingResourcePatternResolver - Searching directory [/home/belive/Desenvolvimento/API/notaderelease/target/test-classes/com] for files matching pattern [/home/belive/Desenvolvimento/API/notaderelease/target/test-classes/com/*.class]
14:51:47.594 [main] DEBUG org.springframework.core.io.support.PathMatchingResourcePatternResolver - Looking for matching resources in directory tree [/home/belive/Desenvolvimento/API/notaderelease/target/classes/com]
14:51:47.594 [main] DEBUG org.springframework.core.io.support.PathMatchingResourcePatternResolver - Searching directory [/home/belive/Desenvolvimento/API/notaderelease/target/classes/com] for files matching pattern [/home/belive/Desenvolvimento/API/notaderelease/target/classes/com/*.class]
14:51:47.595 [main] DEBUG org.springframework.core.io.support.PathMatchingResourcePatternResolver - Looking for matching resources in jar file [file:/home/belive/.m2/repository/com/fasterxml/classmate/1.3.3/classmate-1.3.3.jar]
14:51:47.598 [main] DEBUG org.springframework.core.io.support.PathMatchingResourcePatternResolver - Looking for matching resources in jar file [file:/home/belive/.m2/repository/com/fasterxml/jackson/core/jackson-databind/2.8.8/jackson-databind-2.8.8.jar]
14:51:47.617 [main] DEBUG org.springframework.core.io.support.PathMatchingResourcePatternResolver - Looking for matching resources in jar file [file:/home/belive/.m2/repository/com/jayway/jsonpath/json-path/2.2.0/json-path-2.2.0.jar]
14:51:47.621 [main] DEBUG org.springframework.core.io.support.PathMatchingResourcePatternResolver - Looking for matching resources in jar file [file:/home/belive/.m2/repository/mysql/mysql-connector-java/5.1.45/mysql-connector-java-5.1.45.jar]
14:51:47.628 [main] DEBUG org.springframework.core.io.support.PathMatchingResourcePatternResolver - Looking for matching resources in jar file [file:/home/belive/.m2/repository/com/fasterxml/jackson/datatype/jackson-datatype-jsr310/2.8.8/jackson-datatype-jsr310-2.8.8.jar]
14:51:47.629 [main] DEBUG org.springframework.core.io.support.PathMatchingResourcePatternResolver - Looking for matching resources in jar file [file:/home/belive/.m2/repository/com/fasterxml/jackson/core/jackson-annotations/2.8.0/jackson-annotations-2.8.0.jar]
14:51:47.630 [main] DEBUG org.springframework.core.io.support.PathMatchingResourcePatternResolver - Looking for matching resources in jar file [file:/home/belive/.m2/repository/com/fasterxml/jackson/core/jackson-core/2.8.8/jackson-core-2.8.8.jar]
14:51:47.631 [main] DEBUG org.springframework.core.io.support.PathMatchingResourcePatternResolver - Resolved location pattern [classpath*:com/*.class] to resources []
14:51:47.638 [main] DEBUG org.springframework.test.context.junit4.SpringJUnit4ClassRunner - SpringJUnit4ClassRunner constructor called with [class com.example.algamoney.api.AlgamoneyApiApplicationTests]
14:51:47.638 [main] DEBUG org.springframework.test.context.BootstrapUtils - Instantiating CacheAwareContextLoaderDelegate from class [org.springframework.test.context.cache.DefaultCacheAwareContextLoaderDelegate]
14:51:47.638 [main] DEBUG org.springframework.test.context.BootstrapUtils - Instantiating BootstrapContext using constructor [public org.springframework.test.context.support.DefaultBootstrapContext(java.lang.Class,org.springframework.test.context.CacheAwareContextLoaderDelegate)]
14:51:47.639 [main] DEBUG org.springframework.test.context.BootstrapUtils - Instantiating TestContextBootstrapper for test class [com.example.algamoney.api.AlgamoneyApiApplicationTests] from class [org.springframework.boot.test.context.SpringBootTestContextBootstrapper]
14:51:47.640 [main] INFO org.springframework.boot.test.context.SpringBootTestContextBootstrapper - Neither @ContextConfiguration nor @ContextHierarchy found for test class [com.example.algamoney.api.AlgamoneyApiApplicationTests], using SpringBootContextLoader
14:51:47.642 [main] DEBUG org.springframework.test.context.support.AbstractContextLoader - Did not detect default resource location for test class [com.example.algamoney.api.AlgamoneyApiApplicationTests]: class path resource [com/example/algamoney/api/AlgamoneyApiApplicationTests-context.xml] does not exist
14:51:47.642 [main] DEBUG org.springframework.test.context.support.AbstractContextLoader - Did not detect default resource location for test class [com.example.algamoney.api.AlgamoneyApiApplicationTests]: class path resource [com/example/algamoney/api/AlgamoneyApiApplicationTestsContext.groovy] does not exist
14:51:47.643 [main] INFO org.springframework.test.context.support.AbstractContextLoader - Could not detect default resource locations for test class [com.example.algamoney.api.AlgamoneyApiApplicationTests]: no resource found for suffixes {-context.xml, Context.groovy}.
14:51:47.643 [main] INFO org.springframework.test.context.support.AnnotationConfigContextLoaderUtils - Could not detect default configuration classes for test class [com.example.algamoney.api.AlgamoneyApiApplicationTests]: AlgamoneyApiApplicationTests does not declare any static, non-private, non-final, nested classes annotated with @Configuration.
14:51:47.653 [main] DEBUG org.springframework.test.context.support.ActiveProfilesUtils - Could not find an 'annotation declaring class' for annotation type [org.springframework.test.context.ActiveProfiles] and class [com.example.algamoney.api.AlgamoneyApiApplicationTests]
14:51:47.654 [main] DEBUG org.springframework.core.env.StandardEnvironment - Adding [systemProperties] PropertySource with lowest search precedence
14:51:47.654 [main] DEBUG org.springframework.core.env.StandardEnvironment - Adding [systemEnvironment] PropertySource with lowest search precedence
14:51:47.654 [main] DEBUG org.springframework.core.env.StandardEnvironment - Initialized StandardEnvironment with PropertySources [systemProperties,systemEnvironment]
14:51:47.655 [main] DEBUG org.springframework.core.io.support.PathMatchingResourcePatternResolver - Resolved classpath location [com/example/algamoney/api/] to resources [URL [file:/home/belive/Desenvolvimento/API/notaderelease/target/test-classes/com/example/algamoney/api/]]
14:51:47.656 [main] DEBUG org.springframework.core.io.support.PathMatchingResourcePatternResolver - Looking for matching resources in directory tree [/home/belive/Desenvolvimento/API/notaderelease/target/test-classes/com/example/algamoney/api]
14:51:47.656 [main] DEBUG org.springframework.core.io.support.PathMatchingResourcePatternResolver - Searching directory [/home/belive/Desenvolvimento/API/notaderelease/target/test-classes/com/example/algamoney/api] for files matching pattern [/home/belive/Desenvolvimento/API/notaderelease/target/test-classes/com/example/algamoney/api/*.class]
14:51:47.658 [main] DEBUG org.springframework.core.io.support.PathMatchingResourcePatternResolver - Resolved location pattern [classpath*:com/example/algamoney/api/*.class] to resources [file [/home/belive/Desenvolvimento/API/notaderelease/target/test-classes/com/example/algamoney/api/AlgamoneyApiApplicationTests.class]]
14:51:47.660 [main] DEBUG org.springframework.core.io.support.PathMatchingResourcePatternResolver - Resolved classpath location [com/example/algamoney/] to resources [URL [file:/home/belive/Desenvolvimento/API/notaderelease/target/test-classes/com/example/algamoney/]]
14:51:47.660 [main] DEBUG org.springframework.core.io.support.PathMatchingResourcePatternResolver - Looking for matching resources in directory tree [/home/belive/Desenvolvimento/API/notaderelease/target/test-classes/com/example/algamoney]
14:51:47.660 [main] DEBUG org.springframework.core.io.support.PathMatchingResourcePatternResolver - Searching directory [/home/belive/Desenvolvimento/API/notaderelease/target/test-classes/com/example/algamoney] for files matching pattern [/home/belive/Desenvolvimento/API/notaderelease/target/test-classes/com/example/algamoney/*.class]
14:51:47.661 [main] DEBUG org.springframework.core.io.support.PathMatchingResourcePatternResolver - Resolved location pattern [classpath*:com/example/algamoney/*.class] to resources []
14:51:47.661 [main] DEBUG org.springframework.core.io.support.PathMatchingResourcePatternResolver - Resolved classpath location [com/example/] to resources [URL [file:/home/belive/Desenvolvimento/API/notaderelease/target/test-classes/com/example/]]
14:51:47.662 [main] DEBUG org.springframework.core.io.support.PathMatchingResourcePatternResolver - Looking for matching resources in directory tree [/home/belive/Desenvolvimento/API/notaderelease/target/test-classes/com/example]
14:51:47.662 [main] DEBUG org.springframework.core.io.support.PathMatchingResourcePatternResolver - Searching directory [/home/belive/Desenvolvimento/API/notaderelease/target/test-classes/com/example] for files matching pattern [/home/belive/Desenvolvimento/API/notaderelease/target/test-classes/com/example/*.class]
14:51:47.662 [main] DEBUG org.springframework.core.io.support.PathMatchingResourcePatternResolver - Resolved location pattern [classpath*:com/example/*.class] to resources []
14:51:47.664 [main] DEBUG org.springframework.core.io.support.PathMatchingResourcePatternResolver - Resolved classpath location [com/] to resources [URL [file:/home/belive/Desenvolvimento/API/notaderelease/target/test-classes/com/], URL [file:/home/belive/Desenvolvimento/API/notaderelease/target/classes/com/], URL [jar:file:/home/belive/.m2/repository/com/fasterxml/classmate/1.3.3/classmate-1.3.3.jar!/com/], URL [jar:file:/home/belive/.m2/repository/com/fasterxml/jackson/core/jackson-databind/2.8.8/jackson-databind-2.8.8.jar!/com/], URL [jar:file:/home/belive/.m2/repository/com/jayway/jsonpath/json-path/2.2.0/json-path-2.2.0.jar!/com/], URL [jar:file:/home/belive/.m2/repository/mysql/mysql-connector-java/5.1.45/mysql-connector-java-5.1.45.jar!/com/], URL [jar:file:/home/belive/.m2/repository/com/fasterxml/jackson/datatype/jackson-datatype-jsr310/2.8.8/jackson-datatype-jsr310-2.8.8.jar!/com/], URL [jar:file:/home/belive/.m2/repository/com/fasterxml/jackson/core/jackson-annotations/2.8.0/jackson-annotations-2.8.0.jar!/com/], URL [jar:file:/home/belive/.m2/repository/com/fasterxml/jackson/core/jackson-core/2.8.8/jackson-core-2.8.8.jar!/com/]]
14:51:47.664 [main] DEBUG org.springframework.core.io.support.PathMatchingResourcePatternResolver - Looking for matching resources in directory tree [/home/belive/Desenvolvimento/API/notaderelease/target/test-classes/com]
14:51:47.664 [main] DEBUG org.springframework.core.io.support.PathMatchingResourcePatternResolver - Searching directory [/home/belive/Desenvolvimento/API/notaderelease/target/test-classes/com] for files matching pattern [/home/belive/Desenvolvimento/API/notaderelease/target/test-classes/com/*.class]
14:51:47.665 [main] DEBUG org.springframework.core.io.support.PathMatchingResourcePatternResolver - Looking for matching resources in directory tree [/home/belive/Desenvolvimento/API/notaderelease/target/classes/com]
14:51:47.665 [main] DEBUG org.springframework.core.io.support.PathMatchingResourcePatternResolver - Searching directory [/home/belive/Desenvolvimento/API/notaderelease/target/classes/com] for files matching pattern [/home/belive/Desenvolvimento/API/notaderelease/target/classes/com/*.class]
14:51:47.666 [main] DEBUG org.springframework.core.io.support.PathMatchingResourcePatternResolver - Looking for matching resources in jar file [file:/home/belive/.m2/repository/com/fasterxml/classmate/1.3.3/classmate-1.3.3.jar]
14:51:47.667 [main] DEBUG org.springframework.core.io.support.PathMatchingResourcePatternResolver - Looking for matching resources in jar file [file:/home/belive/.m2/repository/com/fasterxml/jackson/core/jackson-databind/2.8.8/jackson-databind-2.8.8.jar]
14:51:47.675 [main] DEBUG org.springframework.core.io.support.PathMatchingResourcePatternResolver - Looking for matching resources in jar file [file:/home/belive/.m2/repository/com/jayway/jsonpath/json-path/2.2.0/json-path-2.2.0.jar]
14:51:47.677 [main] DEBUG org.springframework.core.io.support.PathMatchingResourcePatternResolver - Looking for matching resources in jar file [file:/home/belive/.m2/repository/mysql/mysql-connector-java/5.1.45/mysql-connector-java-5.1.45.jar]
14:51:47.683 [main] DEBUG org.springframework.core.io.support.PathMatchingResourcePatternResolver - Looking for matching resources in jar file [file:/home/belive/.m2/repository/com/fasterxml/jackson/datatype/jackson-datatype-jsr310/2.8.8/jackson-datatype-jsr310-2.8.8.jar]
14:51:47.685 [main] DEBUG org.springframework.core.io.support.PathMatchingResourcePatternResolver - Looking for matching resources in jar file [file:/home/belive/.m2/repository/com/fasterxml/jackson/core/jackson-annotations/2.8.0/jackson-annotations-2.8.0.jar]
14:51:47.687 [main] DEBUG org.springframework.core.io.support.PathMatchingResourcePatternResolver - Looking for matching resources in jar file [file:/home/belive/.m2/repository/com/fasterxml/jackson/core/jackson-core/2.8.8/jackson-core-2.8.8.jar]
14:51:47.689 [main] DEBUG org.springframework.core.io.support.PathMatchingResourcePatternResolver - Resolved location pattern [classpath*:com/*.class] to resources []
]]></system-out>
  </testcase>
</testsuite>